0 info it worked if it ends with ok
1 verbose cli [ 'C:\\Program Files\\nodejs\\\\node.exe',
1 verbose cli   'C:\\Program Files\\nodejs\\node_modules\\npm\\bin\\npm-cli.js',
1 verbose cli   'whoami' ]
2 info using npm@2.11.3
3 info using node@v0.12.7
4 verbose stack Error: 'npm whoami' requires you to be logged in.
4 verbose stack     at EventEmitter.whoami (C:\Program Files\nodejs\node_modules\npm\lib\whoami.js:42:18)
4 verbose stack     at Object.commandCache.(anonymous function) (C:\Program Files\nodejs\node_modules\npm\lib\npm.js:217:11)
4 verbose stack     at EventEmitter.<anonymous> (C:\Program Files\nodejs\node_modules\npm\bin\npm-cli.js:72:28)
4 verbose stack     at process._tickCallback (node.js:355:11)
5 verbose cwd D:\DevInstall\xampp\htdocs\labs\node
6 error Windows_NT 6.1.7601
7 error argv "C:\\Program Files\\nodejs\\\\node.exe" "C:\\Program Files\\nodejs\\node_modules\\npm\\bin\\npm-cli.js" "whoami"
8 error node v0.12.7
9 error npm  v2.11.3
10 error code ENEEDAUTH
11 error need auth 'npm whoami' requires you to be logged in.
11 error need auth You need to authorize this machine using `npm adduser`
12 verbose exit [ 1, true ]
